<?xml version="1.0" encoding="UTF-8"?>
<!-- Generated by org.testng.reporters.JUnitReportReporter -->
<testsuite hostname="Abhijit" failures="0" tests="1" name="TestNG.ListenerTestClass" time="5.338" errors="0" timestamp="2024-02-28T16:37:51 IST" skipped="0">
  <testcase classname="TestNG.ListenerTestClass" name="invokechrome" time="5.338"/>
  <system-out/>
</testsuite> <!-- TestNG.ListenerTestClass -->
