<?xml version="1.0" encoding="UTF-8"?>
<!-- Generated by org.testng.reporters.JUnitReportReporter -->
<testsuite hostname="Abhijit" failures="0" tests="1" name="TestNG.ListenerTestClass" time="6.871" errors="0" timestamp="2024-02-28T16:42:44 IST" skipped="0">
  <testcase classname="TestNG.ListenerTestClass" name="invokechrome" time="6.871"/>
  <system-out/>
</testsuite> <!-- TestNG.ListenerTestClass -->
